TN:
SF:src\app.ts
FN:20,(anonymous_12)
FN:31,(anonymous_13)
FN:37,(anonymous_14)
FN:41,(anonymous_15)
FN:45,(anonymous_16)
FN:54,(anonymous_18)
FNF:6
FNH:6
FNDA:1,(anonymous_12)
FNDA:1,(anonymous_13)
FNDA:1,(anonymous_14)
FNDA:1,(anonymous_15)
FNDA:1,(anonymous_16)
FNDA:1,(anonymous_18)
DA:1,1
DA:3,1
DA:5,1
DA:6,1
DA:7,1
DA:8,1
DA:11,1
DA:12,1
DA:15,1
DA:21,1
DA:22,1
DA:23,1
DA:24,1
DA:25,1
DA:27,1
DA:28,1
DA:32,1
DA:33,1
DA:34,1
DA:38,1
DA:42,1
DA:46,1
DA:47,1
DA:48,1
DA:49,1
DA:50,1
DA:51,1
DA:55,1
LF:28
LH:28
BRF:0
BRH:0
end_of_record
TN:
SF:src\main.ts
FN:23,(anonymous_7)
FN:34,bootstrap
FNF:2
FNH:2
FNDA:1,(anonymous_7)
FNDA:1,bootstrap
DA:1,1
DA:2,1
DA:3,1
DA:4,1
DA:5,1
DA:7,1
DA:9,1
DA:12,1
DA:14,1
DA:15,1
DA:23,1
DA:24,1
DA:25,1
DA:26,1
DA:27,1
DA:28,1
DA:29,1
DA:30,1
DA:31,1
DA:35,1
DA:36,1
DA:37,1
DA:38,1
DA:39,1
DA:42,1
LF:25
LH:25
BRF:0
BRH:0
end_of_record
TN:
SF:src\types.ts
FNF:0
FNH:0
DA:1,1
LF:1
LH:1
BRF:0
BRH:0
end_of_record
TN:
SF:src\common\auth.guard.ts
FN:5,(anonymous_0)
FNF:1
FNH:1
FNDA:2,(anonymous_0)
DA:4,1
DA:6,2
DA:7,1
DA:9,1
LF:4
LH:4
BRDA:6,0,0,1
BRF:1
BRH:1
end_of_record
TN:
SF:src\common\auth.middleware.ts
FN:6,(anonymous_0)
FN:7,(anonymous_1)
FN:9,(anonymous_2)
FNF:3
FNH:3
FNDA:1,(anonymous_0)
FNDA:6,(anonymous_1)
FNDA:2,(anonymous_2)
DA:1,1
DA:5,1
DA:6,1
DA:8,6
DA:9,2
DA:10,2
DA:11,1
DA:12,1
DA:13,1
DA:14,1
DA:18,4
LF:11
LH:11
BRDA:8,0,0,2
BRDA:8,0,1,4
BRDA:10,1,0,1
BRDA:10,1,1,1
BRDA:12,2,0,1
BRDA:12,3,0,1
BRDA:12,3,1,1
BRDA:12,3,2,1
BRF:8
BRH:8
end_of_record
TN:
SF:src\common\base.controller.ts
FN:6,(anonymous_2)
FN:13,(anonymous_3)
FN:17,(anonymous_4)
FN:21,(anonymous_5)
FN:26,(anonymous_6)
FN:30,(anonymous_7)
FN:34,(anonymous_8)
FN:37,(anonymous_9)
FNF:8
FNH:6
FNDA:0,(anonymous_2)
FNDA:1,(anonymous_3)
FNDA:4,(anonymous_4)
FNDA:3,(anonymous_5)
FNDA:3,(anonymous_6)
FNDA:0,(anonymous_7)
FNDA:1,(anonymous_8)
FNDA:3,(anonymous_9)
DA:1,1
DA:5,1
DA:6,1
DA:7,1
DA:10,1
DA:13,1
DA:14,1
DA:18,4
DA:22,3
DA:23,3
DA:27,3
DA:31,0
DA:35,1
DA:36,3
DA:37,3
DA:38,3
DA:39,3
DA:40,3
LF:18
LH:17
BRDA:37,0,0,0
BRDA:37,0,1,3
BRDA:37,1,0,3
BRDA:37,1,1,3
BRDA:39,2,0,3
BRDA:39,2,1,0
BRF:6
BRH:4
end_of_record
TN:
SF:src\common\validate.middleware.ts
FN:7,(anonymous_0)
FN:8,(anonymous_1)
FN:10,(anonymous_2)
FNF:3
FNH:3
FNDA:2,(anonymous_0)
FNDA:4,(anonymous_1)
FNDA:4,(anonymous_2)
DA:3,1
DA:4,1
DA:6,1
DA:7,2
DA:9,4
DA:10,4
DA:11,4
DA:12,1
DA:14,3
LF:9
LH:9
BRDA:11,0,0,1
BRDA:11,0,1,3
BRF:2
BRH:2
end_of_record
TN:
SF:src\config\config.service.ts
FN:10,(anonymous_4)
FN:19,(anonymous_5)
FNF:2
FNH:2
FNDA:1,(anonymous_4)
FNDA:3,(anonymous_5)
DA:1,1
DA:3,1
DA:4,1
DA:8,1
DA:10,1
DA:11,1
DA:12,1
DA:13,0
DA:15,1
DA:16,1
DA:20,3
LF:11
LH:10
BRDA:12,0,0,0
BRDA:12,0,1,1
BRF:2
BRH:1
end_of_record
TN:
SF:src\database\prisma.service.ts
FN:10,(anonymous_11)
FN:13,(anonymous_12)
FN:23,(anonymous_14)
FNF:3
FNH:2
FNDA:1,(anonymous_11)
FNDA:1,(anonymous_12)
FNDA:0,(anonymous_14)
DA:1,1
DA:2,1
DA:3,1
DA:7,1
DA:10,1
DA:11,1
DA:14,1
DA:15,1
DA:16,1
DA:18,0
DA:19,0
DA:24,0
LF:12
LH:9
BRDA:18,0,0,0
BRF:1
BRH:0
end_of_record
TN:
SF:src\errors\exeption.filter.ts
FN:12,(anonymous_4)
FN:13,(anonymous_5)
FNF:2
FNH:2
FNDA:1,(anonymous_4)
FNDA:1,(anonymous_5)
DA:4,1
DA:5,1
DA:7,1
DA:8,1
DA:11,1
DA:12,1
DA:14,1
DA:15,1
DA:16,1
DA:18,0
DA:19,0
LF:11
LH:9
BRDA:14,0,0,1
BRDA:14,0,1,0
BRF:2
BRH:1
end_of_record
TN:
SF:src\errors\http-error.class.ts
FN:5,(anonymous_0)
FNF:1
FNH:1
FNDA:1,(anonymous_0)
DA:1,1
DA:6,1
DA:7,1
DA:8,1
DA:9,1
LF:5
LH:5
BRF:0
BRH:0
end_of_record
TN:
SF:src\logger\logger.service.ts
FN:10,(anonymous_2)
FN:20,(anonymous_3)
FN:25,(anonymous_4)
FN:31,(anonymous_5)
FNF:4
FNH:3
FNDA:1,(anonymous_2)
FNDA:6,(anonymous_3)
FNDA:1,(anonymous_4)
FNDA:0,(anonymous_5)
DA:1,1
DA:3,1
DA:4,1
DA:7,1
DA:11,1
DA:21,6
DA:27,1
DA:32,0
LF:8
LH:7
BRF:0
BRH:0
end_of_record
TN:
SF:src\users\user.entity.ts
FN:6,(anonymous_7)
FN:16,(anonymous_8)
FN:20,(anonymous_9)
FN:24,(anonymous_10)
FN:28,(anonymous_11)
FN:32,(anonymous_13)
FNF:6
FNH:2
FNDA:3,(anonymous_7)
FNDA:0,(anonymous_8)
FNDA:0,(anonymous_9)
FNDA:0,(anonymous_10)
FNDA:0,(anonymous_11)
FNDA:3,(anonymous_13)
DA:1,1
DA:3,1
DA:7,3
DA:8,3
DA:11,3
DA:12,3
DA:17,0
DA:21,0
DA:25,0
DA:29,0
DA:33,3
LF:11
LH:7
BRDA:11,0,0,3
BRF:1
BRH:1
end_of_record
TN:
SF:src\users\users.controller.ts
FN:19,(anonymous_11)
FN:46,(anonymous_12)
FN:59,(anonymous_14)
FN:60,(anonymous_15)
FN:71,(anonymous_16)
FN:71,(anonymous_17)
FN:76,(anonymous_18)
FN:77,(anonymous_19)
FN:87,(anonymous_20)
FNF:9
FNH:7
FNDA:1,(anonymous_11)
FNDA:3,(anonymous_12)
FNDA:0,(anonymous_14)
FNDA:0,(anonymous_15)
FNDA:1,(anonymous_16)
FNDA:1,(anonymous_17)
FNDA:2,(anonymous_18)
FNDA:2,(anonymous_19)
FNDA:2,(anonymous_20)
DA:2,1
DA:3,1
DA:4,1
DA:5,1
DA:7,1
DA:9,1
DA:10,1
DA:11,1
DA:12,1
DA:15,1
DA:18,1
DA:20,1
DA:21,1
DA:22,1
DA:24,1
DA:25,1
DA:51,3
DA:52,3
DA:53,1
DA:55,2
DA:56,2
DA:60,0
DA:64,0
DA:65,0
DA:66,0
DA:68,0
DA:71,1
DA:72,1
DA:73,1
DA:77,2
DA:78,2
DA:88,2
DA:89,0
DA:91,2
LF:34
LH:28
BRDA:52,0,0,1
BRDA:65,1,0,0
BRDA:73,2,0,0
BRDA:73,2,1,1
BRDA:73,3,0,1
BRDA:73,3,1,1
BRDA:73,4,0,0
BRDA:73,4,1,1
BRDA:73,5,0,1
BRDA:73,5,1,1
BRDA:88,6,0,0
BRF:11
BRH:7
end_of_record
TN:
SF:src\users\users.repository.ts
FN:10,(anonymous_11)
FN:12,(anonymous_12)
FN:12,(anonymous_13)
FN:21,(anonymous_14)
FNF:4
FNH:2
FNDA:1,(anonymous_11)
FNDA:0,(anonymous_12)
FNDA:0,(anonymous_13)
FNDA:4,(anonymous_14)
DA:4,1
DA:5,1
DA:6,1
DA:9,1
DA:10,1
DA:12,0
DA:13,0
DA:22,4
LF:8
LH:6
BRF:0
BRH:0
end_of_record
TN:
SF:src\users\users.service.ts
FN:13,(anonymous_11)
FN:17,(anonymous_12)
FN:17,(anonymous_13)
FN:28,(anonymous_14)
FN:28,(anonymous_15)
FN:36,(anonymous_16)
FNF:6
FNH:4
FNDA:1,(anonymous_11)
FNDA:0,(anonymous_12)
FNDA:0,(anonymous_13)
FNDA:3,(anonymous_14)
FNDA:3,(anonymous_15)
FNDA:1,(anonymous_16)
DA:1,1
DA:4,1
DA:7,1
DA:12,1
DA:14,1
DA:15,1
DA:17,0
DA:18,0
DA:19,0
DA:20,0
DA:21,0
DA:22,0
DA:23,0
DA:26,0
DA:28,3
DA:29,3
DA:30,3
DA:31,0
DA:33,3
DA:34,3
DA:37,1
LF:21
LH:12
BRDA:22,0,0,0
BRDA:30,1,0,0
BRF:2
BRH:0
end_of_record
TN:
SF:src\users\dto\user-login.dto.ts
FNF:0
FNH:0
DA:1,1
DA:3,1
DA:5,1
DA:7,1
LF:4
LH:4
BRF:0
BRH:0
end_of_record
TN:
SF:src\users\dto\user-register.dto.ts
FNF:0
FNH:0
DA:1,1
DA:3,1
DA:5,1
DA:8,1
DA:11,1
LF:5
LH:5
BRF:0
BRH:0
end_of_record
